<?xml version="1.0" encoding="UTF-8"?>
<testsuite xmlns:xsi="http://www.w3.org/2001/XMLSchema-instance" xsi:noNamespaceSchemaLocation="https://maven.apache.org/surefire/maven-surefire-plugin/xsd/surefire-test-report.xsd" name="com.example.podam.TestEmails2" time="0.012" tests="8" errors="0" skipped="0" failures="0">
  <properties>
[...]
</properties>
  <testcase name="testDuplicados" classname="com.example.podam.TestEmails2" time="0"/>
  <testcase name="testGetPropietario" classname="com.example.podam.TestEmails2" time="0.001"/>
  <testcase name="testEliminarContactoDelGrupo" classname="com.example.podam.TestEmails2" time="0.002"/>
  <testcase name="testAgregarEmailAGrupo" classname="com.example.podam.TestEmails2" time="0.001"/>
  <testcase name="testEliminarFavorito" classname="com.example.podam.TestEmails2" time="0.001"/>
  <testcase name="testAgregarFavorito" classname="com.example.podam.TestEmails2" time="0.002"/>
  <testcase name="testEsFavorito" classname="com.example.podam.TestEmails2" time="0.002"/>
  <testcase name="TestFavorito" classname="com.example.podam.TestEmails2" time="0.001"/>
</testsuite>