<?xml version="1.0" encoding="UTF-8"?>
<testsuite xmlns:xsi="http://www.w3.org/2001/XMLSchema-instance" xsi:noNamespaceSchemaLocation="https://maven.apache.org/surefire/maven-surefire-plugin/xsd/surefire-test-report.xsd" name="com.example.podam.TestEmails1" time="0.057" tests="2" errors="0" skipped="0" failures="0">
  <properties>
[...]
</properties>
  <testcase name="prueba_para_1_contacto" classname="com.example.podam.TestEmails1" time="0.011"/>
  <testcase name="test_Contacto_prueba_y_Email" classname="com.example.podam.TestEmails1" time="0"/>
</testsuite>