<?xml version="1.0" encoding="UTF-8"?>
<testsuite xmlns:xsi="http://www.w3.org/2001/XMLSchema-instance" xsi:noNamespaceSchemaLocation="https://maven.apache.org/surefire/maven-surefire-plugin/xsd/surefire-test-report.xsd" name="com.example.podam.TestEmails1" time="0.156" tests="10" errors="0" skipped="0" failures="0">
  <properties>
[...]
</properties>
  <testcase name="prueba_para_completo" classname="com.example.podam.TestEmails1" time="0.015"/>
  <testcase name="test_asunto" classname="com.example.podam.TestEmails1" time="0"/>
  <testcase name="prueba_para_1_contacto" classname="com.example.podam.TestEmails1" time="0"/>
  <testcase name="guarda_email_bandeja_de_entrada" classname="com.example.podam.TestEmails1" time="0.016"/>
  <testcase name="test_Contacto_prueba_y_Email" classname="com.example.podam.TestEmails1" time="0"/>
  <testcase name="testFiltroAsunto" classname="com.example.podam.TestEmails1" time="0"/>
  <testcase name="test_remitente" classname="com.example.podam.TestEmails1" time="0"/>
  <testcase name="test_contenido_tambien_test_sin_asunto" classname="com.example.podam.TestEmails1" time="0.016"/>
  <testcase name="prueba_para_3_contactos" classname="com.example.podam.TestEmails1" time="0"/>
  <testcase name="debe_crear_un_email_simple" classname="com.example.podam.TestEmails1" time="0"/>
</testsuite>